#
# There is insufficient memory for the Java Runtime Environment to continue.
# Native memory allocation (malloc) failed to allocate 2274096 bytes for Chunk::new
# Possible reasons:
#   The system is out of physical RAM or swap space
#   The process is running with CompressedOops enabled, and the Java Heap may be blocking the growth of the native heap
# Possible solutions:
#   Reduce memory load on the system
#   Increase physical memory or swap space
#   Check if swap backing store is full
#   Decrease Java heap size (-Xmx/-Xms)
#   Decrease number of Java threads
#   Decrease Java thread stack sizes (-Xss)
#   Set larger code cache with -XX:ReservedCodeCacheSize=
#   JVM is running with Unscaled Compressed Oops mode in which the Java heap is
#     placed in the first 4GB address space. The Java Heap base address is the
#     maximum limit for the native heap growth. Please use -XX:HeapBaseMinAddress
#     to set the Java Heap base and to place the Java Heap above 4GB virtual address.
# This output file may be truncated or incomplete.
#
#  Out of Memory Error (./src/hotspot/share/memory/arena.cpp:197), pid=7760, tid=10516
#
# JRE version: OpenJDK Runtime Environment (11.0.10) (build 11.0.10+0-b96-7249189)
# Java VM: OpenJDK 64-Bit Server VM (11.0.10+0-b96-7249189, mixed mode, tiered, compressed oops, g1 gc, windows-amd64)
# No core dump will be written. Minidumps are not enabled by default on client versions of Windows
#

---------------  S U M M A R Y ------------

Command Line: --add-opens=java.base/java.util=ALL-UNNAMED --add-opens=java.base/java.lang=ALL-UNNAMED --add-opens=java.base/java.lang.invoke=ALL-UNNAMED --add-opens=java.base/java.util=ALL-UNNAMED --add-opens=java.prefs/java.util.prefs=ALL-UNNAMED --add-opens=java.prefs/java.util.prefs=ALL-UNNAMED --add-opens=java.base/java.nio.charset=ALL-UNNAMED --add-opens=java.base/java.net=ALL-UNNAMED --add-opens=java.base/java.util.concurrent.atomic=ALL-UNNAMED -Xmx2048m -Dfile.encoding=UTF-8 -Duser.country=US -Duser.language=en -Duser.variant org.gradle.launcher.daemon.bootstrap.GradleDaemon 7.0.2

Host: Intel(R) Core(TM) i5-7200U CPU @ 2.50GHz, 4 cores, 3G,  Windows 10 , 64 bit Build 19041 (10.0.19041.1202)
Time: Mon Nov  8 20:03:09 2021 SE Asia Standard Time elapsed time: 42.978859 seconds (0d 0h 0m 42s)

---------------  T H R E A D  ---------------

Current thread (0x000002027ed11000):  JavaThread "C2 CompilerThread0" daemon [_thread_in_native, id=10516, stack(0x0000004f30400000,0x0000004f30500000)]


Current CompileTask:
C2:  42979 8101       4       groovy.lang.MetaClassImpl::addMetaMethodToIndex (65 bytes)

Stack: [0x0000004f30400000,0x0000004f30500000]
Native frames: (J=compiled Java code, j=interpreted, Vv=VM code, C=native code)
V  [jvm.dll+0x5ecfaa]
V  [jvm.dll+0x722bd5]
V  [jvm.dll+0x72412d]
V  [jvm.dll+0x7247e3]
V  [jvm.dll+0x242928]
V  [jvm.dll+0xbc4fc]
V  [jvm.dll+0xbca0c]
V  [jvm.dll+0x352d7d]
V  [jvm.dll+0x320ad3]
V  [jvm.dll+0x31ffca]
V  [jvm.dll+0x1fb602]
V  [jvm.dll+0x1fa7f4]
V  [jvm.dll+0x18354c]
V  [jvm.dll+0x208ee7]
V  [jvm.dll+0x207731]
V  [jvm.dll+0x6eb1cf]
V  [jvm.dll+0x6e3d45]
V  [jvm.dll+0x5ebe96]
C  [ucrtbase.dll+0x21bb2]
C  [KERNEL32.DLL+0x17034]
C  [ntdll.dll+0x52651]


---------------  P R O C E S S  ---------------

Threads class SMR info:
_java_thread_list=0x00000202062b3300, length=42, elements={
0x0000020265114000, 0x000002027ecad000, 0x000002027ecae800, 0x000002027ed09000,
0x000002027ed0b000, 0x000002027ed0c800, 0x000002027ed11000, 0x000002027ed14800,
0x000002027ed27000, 0x000002027f79b000, 0x0000020201189000, 0x000002020118a000,
0x00000202015e3000, 0x0000020200cf3000, 0x0000020200b84000, 0x0000020200c40000,
0x0000020200c41000, 0x0000020200450000, 0x0000020200c10800, 0x0000020200443800,
0x0000020200445000, 0x0000020200441000, 0x0000020200442000, 0x0000020200442800,
0x0000020200446800, 0x0000020200447800, 0x0000020200444000, 0x0000020200446000,
0x000002027f99a800, 0x000002027f99d800, 0x000002027f99b800, 0x000002027f998000,
0x000002027f99e800, 0x000002027f99c000, 0x000002027f99d000, 0x000002027f9a0000,
0x000002027f9a5000, 0x000002027f9a2800, 0x000002027f9a2000, 0x000002027f9a6000,
0x000002027f9a6800, 0x000002020405f000
}

Java Threads: ( => current thread )
  0x0000020265114000 JavaThread "main" [_thread_blocked, id=12908, stack(0x0000004f2f800000,0x0000004f2f900000)]
  0x000002027ecad000 JavaThread "Reference Handler" daemon [_thread_blocked, id=6280, stack(0x0000004f2ff00000,0x0000004f30000000)]
  0x000002027ecae800 JavaThread "Finalizer" daemon [_thread_blocked, id=11028, stack(0x0000004f30000000,0x0000004f30100000)]
  0x000002027ed09000 JavaThread "Signal Dispatcher" daemon [_thread_blocked, id=4872, stack(0x0000004f30100000,0x0000004f30200000)]
  0x000002027ed0b000 JavaThread "Attach Listener" daemon [_thread_blocked, id=11476, stack(0x0000004f30200000,0x0000004f30300000)]
  0x000002027ed0c800 JavaThread "Service Thread" daemon [_thread_blocked, id=9788, stack(0x0000004f30300000,0x0000004f30400000)]
=>0x000002027ed11000 JavaThread "C2 CompilerThread0" daemon [_thread_in_native, id=10516, stack(0x0000004f30400000,0x0000004f30500000)]
  0x000002027ed14800 JavaThread "C1 CompilerThread0" daemon [_thread_blocked, id=5296, stack(0x0000004f30500000,0x0000004f30600000)]
  0x000002027ed27000 JavaThread "Sweeper thread" daemon [_thread_blocked, id=10500, stack(0x0000004f30600000,0x0000004f30700000)]
  0x000002027f79b000 JavaThread "Common-Cleaner" daemon [_thread_blocked, id=7176, stack(0x0000004f30700000,0x0000004f30800000)]
  0x0000020201189000 JavaThread "Daemon health stats" [_thread_blocked, id=3712, stack(0x0000004f30a00000,0x0000004f30b00000)]
  0x000002020118a000 JavaThread "Incoming local TCP Connector on port 57434" [_thread_in_native, id=10336, stack(0x0000004f30b00000,0x0000004f30c00000)]
  0x00000202015e3000 JavaThread "Daemon periodic checks" [_thread_blocked, id=13060, stack(0x0000004f30c00000,0x0000004f30d00000)]
  0x0000020200cf3000 JavaThread "Daemon" [_thread_blocked, id=9040, stack(0x0000004f30d00000,0x0000004f30e00000)]
  0x0000020200b84000 JavaThread "Handler for socket connection from /127.0.0.1:57434 to /127.0.0.1:57435" [_thread_in_native, id=8288, stack(0x0000004f30e00000,0x0000004f30f00000)]
  0x0000020200c40000 JavaThread "Cancel handler" [_thread_blocked, id=13244, stack(0x0000004f30f00000,0x0000004f31000000)]
  0x0000020200c41000 JavaThread "Daemon worker" [_thread_in_native, id=9608, stack(0x0000004f31000000,0x0000004f31100000)]
  0x0000020200450000 JavaThread "Asynchronous log dispatcher for DefaultDaemonConnection: socket connection from /127.0.0.1:57434 to /127.0.0.1:57435" [_thread_blocked, id=4780, stack(0x0000004f31100000,0x0000004f31200000)]
  0x0000020200c10800 JavaThread "Stdin handler" [_thread_blocked, id=1920, stack(0x0000004f31200000,0x0000004f31300000)]
  0x0000020200443800 JavaThread "Daemon client event forwarder" [_thread_blocked, id=8156, stack(0x0000004f31300000,0x0000004f31400000)]
  0x0000020200445000 JavaThread "Cache worker for file hash cache (C:\Users\77 thaiha\.gradle\caches\7.0.2\fileHashes)" [_thread_blocked, id=3248, stack(0x0000004f31600000,0x0000004f31700000)]
  0x0000020200441000 JavaThread "File lock request listener" [_thread_in_native, id=10184, stack(0x0000004f31700000,0x0000004f31800000)]
  0x0000020200442000 JavaThread "Cache worker for journal cache (C:\Users\77 thaiha\.gradle\caches\journal-1)" [_thread_blocked, id=8968, stack(0x0000004f31800000,0x0000004f31900000)]
  0x0000020200442800 JavaThread "Cache worker for file hash cache (D:\AndroidStudioProjects\CalmOwlNewsReader\.gradle\7.0.2\fileHashes)" [_thread_blocked, id=9932, stack(0x0000004f31900000,0x0000004f31a00000)]
  0x0000020200446800 JavaThread "File watcher server" daemon [_thread_in_native, id=13016, stack(0x0000004f31a00000,0x0000004f31b00000)]
  0x0000020200447800 JavaThread "File watcher consumer" daemon [_thread_blocked, id=11316, stack(0x0000004f31b00000,0x0000004f31c00000)]
  0x0000020200444000 JavaThread "jar transforms" [_thread_blocked, id=4684, stack(0x0000004f31c00000,0x0000004f31d00000)]
  0x0000020200446000 JavaThread "jar transforms Thread 2" [_thread_blocked, id=11364, stack(0x0000004f31d00000,0x0000004f31e00000)]
  0x000002027f99a800 JavaThread "jar transforms Thread 3" [_thread_blocked, id=5692, stack(0x0000004f31e00000,0x0000004f31f00000)]
  0x000002027f99d800 JavaThread "jar transforms Thread 4" [_thread_blocked, id=12884, stack(0x0000004f31f00000,0x0000004f32000000)]
  0x000002027f99b800 JavaThread "Cache worker for checksums cache (D:\AndroidStudioProjects\CalmOwlNewsReader\.gradle\checksums)" [_thread_blocked, id=13008, stack(0x0000004f32000000,0x0000004f32100000)]
  0x000002027f998000 JavaThread "Cache worker for cache directory md-supplier (C:\Users\77 thaiha\.gradle\caches\7.0.2\md-supplier)" [_thread_blocked, id=1840, stack(0x0000004f32100000,0x0000004f32200000)]
  0x000002027f99e800 JavaThread "Cache worker for cache directory md-rule (C:\Users\77 thaiha\.gradle\caches\7.0.2\md-rule)" [_thread_blocked, id=9476, stack(0x0000004f32200000,0x0000004f32300000)]
  0x000002027f99c000 JavaThread "Cache worker for execution history cache (C:\Users\77 thaiha\.gradle\caches\7.0.2\executionHistory)" [_thread_blocked, id=5764, stack(0x0000004f32300000,0x0000004f32400000)]
  0x000002027f99d000 JavaThread "Cache worker for file content cache (C:\Users\77 thaiha\.gradle\caches\7.0.2\fileContent)" [_thread_blocked, id=12484, stack(0x0000004f32400000,0x0000004f32500000)]
  0x000002027f9a0000 JavaThread "Cache worker for dependencies-accessors (D:\AndroidStudioProjects\CalmOwlNewsReader\.gradle\7.0.2\dependencies-accessors)" [_thread_blocked, id=408, stack(0x0000004f32500000,0x0000004f32600000)]
  0x000002027f9a5000 JavaThread "Cache worker for Build Output Cleanup Cache (D:\AndroidStudioProjects\CalmOwlNewsReader\.gradle\buildOutputCleanup)" [_thread_blocked, id=10056, stack(0x0000004f32600000,0x0000004f32700000)]
  0x000002027f9a2800 JavaThread "Build operations" [_thread_blocked, id=13180, stack(0x0000004f32800000,0x0000004f32900000)]
  0x000002027f9a2000 JavaThread "Build operations Thread 2" [_thread_blocked, id=7680, stack(0x0000004f32900000,0x0000004f32a00000)]
  0x000002027f9a6000 JavaThread "Build operations Thread 3" [_thread_blocked, id=13308, stack(0x0000004f32a00000,0x0000004f32b00000)]
  0x000002027f9a6800 JavaThread "Build operations Thread 4" [_thread_blocked, id=10288, stack(0x0000004f32b00000,0x0000004f32c00000)]
  0x000002020405f000 JavaThread "Memory manager" [_thread_blocked, id=12500, stack(0x0000004f32e00000,0x0000004f32f00000)]

Other Threads:
  0x000002027eca6000 VMThread "VM Thread" [stack: 0x0000004f2fe00000,0x0000004f2ff00000] [id=476]
  0x000002027f7e2000 WatcherThread [stack: 0x0000004f30800000,0x0000004f30900000] [id=1556]
  0x0000020265127800 GCTaskThread "GC Thread#0" [stack: 0x0000004f2f900000,0x0000004f2fa00000] [id=13088]
  0x00000202003a9000 GCTaskThread "GC Thread#1" [stack: 0x0000004f30900000,0x0000004f30a00000] [id=12928]
  0x000002027f987000 GCTaskThread "GC Thread#2" [stack: 0x0000004f31400000,0x0000004f31500000] [id=3728]
  0x0000020200430000 GCTaskThread "GC Thread#3" [stack: 0x0000004f31500000,0x0000004f31600000] [id=10372]
  0x0000020265159800 ConcurrentGCThread "G1 Main Marker" [stack: 0x0000004f2fa00000,0x0000004f2fb00000] [id=12696]
  0x000002026515c000 ConcurrentGCThread "G1 Conc#0" [stack: 0x0000004f2fb00000,0x0000004f2fc00000] [id=8092]
  0x00000202651b4000 ConcurrentGCThread "G1 Refine#0" [stack: 0x0000004f2fc00000,0x0000004f2fd00000] [id=12148]
  0x00000202651b5000 ConcurrentGCThread "G1 Young RemSet Sampling" [stack: 0x0000004f2fd00000,0x0000004f2fe00000] [id=12880]

Threads with active compile tasks:
C2 CompilerThread0  43054 8101       4       groovy.lang.MetaClassImpl::addMetaMethodToIndex (65 bytes)

VM state:not at safepoint (normal execution)

VM Mutex/Monitor currently owned by a thread: None

Heap address: 0x0000000080000000, size: 2048 MB, Compressed Oops mode: 32-bit
Narrow klass base: 0x0000000000000000, Narrow klass shift: 3
Compressed class space size: 1073741824 Address: 0x0000000100000000

Heap:
 garbage-first heap   total 152576K, used 107201K [0x0000000080000000, 0x0000000100000000)
  region size 1024K, 31 young (31744K), 5 survivors (5120K)
 Metaspace       used 77744K, capacity 79744K, committed 79920K, reserved 1118208K
  class space    used 9893K, capacity 10623K, committed 10624K, reserved 1048576K
Heap Regions: E=young(eden), S=young(survivor), O=old, HS=humongous(starts), HC=humongous(continues), CS=collection set, F=free, A=archive, TAMS=top-at-mark-start (previous, next)
|   0|0x0000000080000000, 0x0000000080100000, 0x0000000080100000|100%| O|  |TAMS 0x0000000080100000, 0x0000000080000000| Untracked 
|   1|0x0000000080100000, 0x0000000080200000, 0x0000000080200000|100%| O|  |TAMS 0x0000000080200000, 0x0000000080100000| Untracked 
|   2|0x0000000080200000, 0x0000000080300000, 0x0000000080300000|100%| O|  |TAMS 0x0000000080300000, 0x0000000080200000| Untracked 
|   3|0x0000000080300000, 0x0000000080400000, 0x0000000080400000|100%|HS|  |TAMS 0x0000000080400000, 0x0000000080300000| Complete 
|   4|0x0000000080400000, 0x0000000080500000, 0x0000000080500000|100%|HC|  |TAMS 0x0000000080500000, 0x0000000080400000| Complete 
|   5|0x0000000080500000, 0x0000000080600000, 0x0000000080600000|100%|HC|  |TAMS 0x0000000080600000, 0x0000000080500000| Complete 
|   6|0x0000000080600000, 0x0000000080700000, 0x0000000080700000|100%| O|  |TAMS 0x0000000080700000, 0x0000000080600000| Untracked 
|   7|0x0000000080700000, 0x0000000080800000, 0x0000000080800000|100%| O|  |TAMS 0x0000000080800000, 0x0000000080700000| Untracked 
|   8|0x0000000080800000, 0x0000000080900000, 0x0000000080900000|100%| O|  |TAMS 0x0000000080900000, 0x0000000080800000| Untracked 
|   9|0x0000000080900000, 0x0000000080a00000, 0x0000000080a00000|100%| O|  |TAMS 0x0000000080a00000, 0x0000000080900000| Untracked 
|  10|0x0000000080a00000, 0x0000000080b00000, 0x0000000080b00000|100%| O|  |TAMS 0x0000000080b00000, 0x0000000080a00000| Untracked 
|  11|0x0000000080b00000, 0x0000000080c00000, 0x0000000080c00000|100%| O|  |TAMS 0x0000000080c00000, 0x0000000080b00000| Untracked 
|  12|0x0000000080c00000, 0x0000000080d00000, 0x0000000080d00000|100%| O|  |TAMS 0x0000000080d00000, 0x0000000080c00000| Untracked 
|  13|0x0000000080d00000, 0x0000000080e00000, 0x0000000080e00000|100%| O|  |TAMS 0x0000000080e00000, 0x0000000080d00000| Untracked 
|  14|0x0000000080e00000, 0x0000000080f00000, 0x0000000080f00000|100%| O|  |TAMS 0x0000000080f00000, 0x0000000080e00000| Untracked 
|  15|0x0000000080f00000, 0x0000000081000000, 0x0000000081000000|100%| O|  |TAMS 0x0000000081000000, 0x0000000080f00000| Untracked 
|  16|0x0000000081000000, 0x0000000081100000, 0x0000000081100000|100%| O|  |TAMS 0x0000000081100000, 0x0000000081000000| Untracked 
|  17|0x0000000081100000, 0x0000000081200000, 0x0000000081200000|100%|HS|  |TAMS 0x0000000081200000, 0x0000000081100000| Complete 
|  18|0x0000000081200000, 0x0000000081300000, 0x0000000081300000|100%|HC|  |TAMS 0x0000000081300000, 0x0000000081200000| Complete 
|  19|0x0000000081300000, 0x0000000081400000, 0x0000000081400000|100%|HS|  |TAMS 0x0000000081400000, 0x0000000081300000| Complete 
|  20|0x0000000081400000, 0x0000000081500000, 0x0000000081500000|100%|HC|  |TAMS 0x0000000081500000, 0x0000000081400000| Complete 
|  21|0x0000000081500000, 0x0000000081600000, 0x0000000081600000|100%|HC|  |TAMS 0x0000000081600000, 0x0000000081500000| Complete 
|  22|0x0000000081600000, 0x0000000081700000, 0x0000000081700000|100%|HS|  |TAMS 0x0000000081700000, 0x0000000081600000| Complete 
|  23|0x0000000081700000, 0x0000000081800000, 0x0000000081800000|100%|HC|  |TAMS 0x0000000081800000, 0x0000000081700000| Complete 
|  24|0x0000000081800000, 0x0000000081900000, 0x0000000081900000|100%|HC|  |TAMS 0x0000000081900000, 0x0000000081800000| Complete 
|  25|0x0000000081900000, 0x0000000081a00000, 0x0000000081a00000|100%|HC|  |TAMS 0x0000000081a00000, 0x0000000081900000| Complete 
|  26|0x0000000081a00000, 0x0000000081b00000, 0x0000000081b00000|100%|HC|  |TAMS 0x0000000081b00000, 0x0000000081a00000| Complete 
|  27|0x0000000081b00000, 0x0000000081c00000, 0x0000000081c00000|100%| O|  |TAMS 0x0000000081c00000, 0x0000000081b00000| Untracked 
|  28|0x0000000081c00000, 0x0000000081d00000, 0x0000000081d00000|100%| O|  |TAMS 0x0000000081d00000, 0x0000000081c00000| Untracked 
|  29|0x0000000081d00000, 0x0000000081e00000, 0x0000000081e00000|100%| O|  |TAMS 0x0000000081e00000, 0x0000000081d00000| Untracked 
|  30|0x0000000081e00000, 0x0000000081f00000, 0x0000000081f00000|100%| O|  |TAMS 0x0000000081f00000, 0x0000000081e00000| Untracked 
|  31|0x0000000081f00000, 0x0000000082000000, 0x0000000082000000|100%| O|  |TAMS 0x0000000082000000, 0x0000000081f00000| Untracked 
|  32|0x0000000082000000, 0x0000000082100000, 0x0000000082100000|100%| O|  |TAMS 0x0000000082100000, 0x0000000082000000| Untracked 
|  33|0x0000000082100000, 0x0000000082200000, 0x0000000082200000|100%| O|  |TAMS 0x0000000082200000, 0x0000000082100000| Untracked 
|  34|0x0000000082200000, 0x0000000082300000, 0x0000000082300000|100%| O|  |TAMS 0x0000000082300000, 0x0000000082200000| Untracked 
|  35|0x0000000082300000, 0x0000000082400000, 0x0000000082400000|100%| O|  |TAMS 0x0000000082400000, 0x0000000082300000| Untracked 
|  36|0x0000000082400000, 0x0000000082500000, 0x0000000082500000|100%| O|  |TAMS 0x0000000082500000, 0x0000000082400000| Untracked 
|  37|0x0000000082500000, 0x0000000082600000, 0x0000000082600000|100%| O|  |TAMS 0x0000000082600000, 0x0000000082500000| Untracked 
|  38|0x0000000082600000, 0x0000000082700000, 0x0000000082700000|100%| O|  |TAMS 0x0000000082700000, 0x0000000082600000| Untracked 
|  39|0x0000000082700000, 0x0000000082800000, 0x0000000082800000|100%| O|  |TAMS 0x0000000082800000, 0x0000000082700000| Untracked 
|  40|0x0000000082800000, 0x0000000082900000, 0x0000000082900000|100%| O|  |TAMS 0x0000000082900000, 0x0000000082800000| Untracked 
|  41|0x0000000082900000, 0x0000000082a00000, 0x0000000082a00000|100%|HS|  |TAMS 0x0000000082a00000, 0x0000000082900000| Complete 
|  42|0x0000000082a00000, 0x0000000082b00000, 0x0000000082b00000|100%|HC|  |TAMS 0x0000000082b00000, 0x0000000082a00000| Complete 
|  43|0x0000000082b00000, 0x0000000082c00000, 0x0000000082c00000|100%|HC|  |TAMS 0x0000000082c00000, 0x0000000082b00000| Complete 
|  44|0x0000000082c00000, 0x0000000082d00000, 0x0000000082d00000|100%|HC|  |TAMS 0x0000000082d00000, 0x0000000082c00000| Complete 
|  45|0x0000000082d00000, 0x0000000082e00000, 0x0000000082e00000|100%|HC|  |TAMS 0x0000000082e00000, 0x0000000082d00000| Complete 
|  46|0x0000000082e00000, 0x0000000082f00000, 0x0000000082f00000|100%|HS|  |TAMS 0x0000000082f00000, 0x0000000082e00000| Complete 
|  47|0x0000000082f00000, 0x0000000083000000, 0x0000000083000000|100%|HC|  |TAMS 0x0000000083000000, 0x0000000082f00000| Complete 
|  48|0x0000000083000000, 0x0000000083100000, 0x0000000083100000|100%|HC|  |TAMS 0x0000000083100000, 0x0000000083000000| Complete 
|  49|0x0000000083100000, 0x0000000083200000, 0x0000000083200000|100%| O|  |TAMS 0x0000000083200000, 0x0000000083100000| Untracked 
|  50|0x0000000083200000, 0x0000000083300000, 0x0000000083300000|100%| O|  |TAMS 0x0000000083300000, 0x0000000083200000| Untracked 
|  51|0x0000000083300000, 0x0000000083400000, 0x0000000083400000|100%| O|  |TAMS 0x0000000083400000, 0x0000000083300000| Untracked 
|  52|0x0000000083400000, 0x0000000083500000, 0x0000000083500000|100%| O|  |TAMS 0x0000000083500000, 0x0000000083400000| Untracked 
|  53|0x0000000083500000, 0x0000000083600000, 0x0000000083600000|100%| O|  |TAMS 0x0000000083600000, 0x0000000083500000| Untracked 
|  54|0x0000000083600000, 0x0000000083700000, 0x0000000083700000|100%| O|  |TAMS 0x0000000083700000, 0x0000000083600000| Untracked 
|  55|0x0000000083700000, 0x0000000083800000, 0x0000000083800000|100%| O|  |TAMS 0x0000000083800000, 0x0000000083700000| Untracked 
|  56|0x0000000083800000, 0x0000000083900000, 0x0000000083900000|100%| O|  |TAMS 0x0000000083900000, 0x0000000083800000| Untracked 
|  57|0x0000000083900000, 0x0000000083a00000, 0x0000000083a00000|100%| O|  |TAMS 0x0000000083a00000, 0x0000000083900000| Untracked 
|  58|0x0000000083a00000, 0x0000000083b00000, 0x0000000083b00000|100%| O|  |TAMS 0x0000000083b00000, 0x0000000083a00000| Untracked 
|  59|0x0000000083b00000, 0x0000000083c00000, 0x0000000083c00000|100%| O|  |TAMS 0x0000000083c00000, 0x0000000083b00000| Untracked 
|  60|0x0000000083c00000, 0x0000000083d00000, 0x0000000083d00000|100%|HS|  |TAMS 0x0000000083d00000, 0x0000000083c00000| Complete 
|  61|0x0000000083d00000, 0x0000000083e00000, 0x0000000083e00000|100%|HS|  |TAMS 0x0000000083e00000, 0x0000000083d00000| Complete 
|  62|0x0000000083e00000, 0x0000000083f00000, 0x0000000083f00000|100%| O|  |TAMS 0x0000000083f00000, 0x0000000083e00000| Untracked 
|  63|0x0000000083f00000, 0x0000000084000000, 0x0000000084000000|100%| O|  |TAMS 0x0000000084000000, 0x0000000083f00000| Untracked 
|  64|0x0000000084000000, 0x0000000084100000, 0x0000000084100000|100%|HS|  |TAMS 0x0000000084100000, 0x0000000084000000| Complete 
|  65|0x0000000084100000, 0x0000000084200000, 0x0000000084200000|100%|HC|  |TAMS 0x0000000084200000, 0x0000000084100000| Complete 
|  66|0x0000000084200000, 0x0000000084300000, 0x0000000084300000|100%| O|  |TAMS 0x0000000084300000, 0x0000000084200000| Untracked 
|  67|0x0000000084300000, 0x0000000084400000, 0x0000000084400000|100%| O|  |TAMS 0x0000000084400000, 0x0000000084300000| Untracked 
|  68|0x0000000084400000, 0x0000000084500000, 0x0000000084500000|100%| O|  |TAMS 0x0000000084500000, 0x0000000084400000| Untracked 
|  69|0x0000000084500000, 0x0000000084600000, 0x0000000084600000|100%| O|  |TAMS 0x0000000084600000, 0x0000000084500000| Untracked 
|  70|0x0000000084600000, 0x0000000084700000, 0x0000000084700000|100%| O|  |TAMS 0x0000000084700000, 0x0000000084600000| Untracked 
|  71|0x0000000084700000, 0x0000000084800000, 0x0000000084800000|100%| O|  |TAMS 0x0000000084800000, 0x0000000084700000| Untracked 
|  72|0x0000000084800000, 0x0000000084900000, 0x0000000084900000|100%| O|  |TAMS 0x0000000084900000, 0x0000000084800000| Untracked 
|  73|0x0000000084900000, 0x00000000849b0400, 0x0000000084a00000| 68%| O|  |TAMS 0x00000000849b0400, 0x0000000084900000| Untracked 
|  74|0x0000000084a00000, 0x0000000084b00000, 0x0000000084b00000|100%|HS|  |TAMS 0x0000000084a00000, 0x0000000084a00000| Complete 
|  75|0x0000000084b00000, 0x0000000084b00000, 0x0000000084c00000|  0%| F|  |TAMS 0x0000000084b00000, 0x0000000084b00000| Untracked 
|  76|0x0000000084c00000, 0x0000000084c00000, 0x0000000084d00000|  0%| F|  |TAMS 0x0000000084c00000, 0x0000000084c00000| Untracked 
|  77|0x0000000084d00000, 0x0000000084d00000, 0x0000000084e00000|  0%| F|  |TAMS 0x0000000084d00000, 0x0000000084d00000| Untracked 
|  78|0x0000000084e00000, 0x0000000084e00000, 0x0000000084f00000|  0%| F|  |TAMS 0x0000000084e00000, 0x0000000084e00000| Untracked 
|  79|0x0000000084f00000, 0x0000000084f00000, 0x0000000085000000|  0%| F|  |TAMS 0x0000000084f00000, 0x0000000084f00000| Untracked 
|  80|0x0000000085000000, 0x0000000085000000, 0x0000000085100000|  0%| F|  |TAMS 0x0000000085000000, 0x0000000085000000| Untracked 
|  81|0x0000000085100000, 0x0000000085100000, 0x0000000085200000|  0%| F|  |TAMS 0x0000000085100000, 0x0000000085100000| Untracked 
|  82|0x0000000085200000, 0x0000000085200000, 0x0000000085300000|  0%| F|  |TAMS 0x0000000085200000, 0x0000000085200000| Untracked 
|  83|0x0000000085300000, 0x0000000085300000, 0x0000000085400000|  0%| F|  |TAMS 0x0000000085300000, 0x0000000085300000| Untracked 
|  84|0x0000000085400000, 0x0000000085400000, 0x0000000085500000|  0%| F|  |TAMS 0x0000000085400000, 0x0000000085400000| Untracked 
|  85|0x0000000085500000, 0x0000000085500000, 0x0000000085600000|  0%| F|  |TAMS 0x0000000085500000, 0x0000000085500000| Untracked 
|  86|0x0000000085600000, 0x0000000085600000, 0x0000000085700000|  0%| F|  |TAMS 0x0000000085600000, 0x0000000085600000| Untracked 
|  87|0x0000000085700000, 0x0000000085700000, 0x0000000085800000|  0%| F|  |TAMS 0x0000000085700000, 0x0000000085700000| Untracked 
|  88|0x0000000085800000, 0x0000000085800000, 0x0000000085900000|  0%| F|  |TAMS 0x0000000085800000, 0x0000000085800000| Untracked 
|  89|0x0000000085900000, 0x0000000085900000, 0x0000000085a00000|  0%| F|  |TAMS 0x0000000085900000, 0x0000000085900000| Untracked 
|  90|0x0000000085a00000, 0x0000000085a00000, 0x0000000085b00000|  0%| F|  |TAMS 0x0000000085a00000, 0x0000000085a00000| Untracked 
|  91|0x0000000085b00000, 0x0000000085b00000, 0x0000000085c00000|  0%| F|  |TAMS 0x0000000085b00000, 0x0000000085b00000| Untracked 
|  92|0x0000000085c00000, 0x0000000085c00000, 0x0000000085d00000|  0%| F|  |TAMS 0x0000000085c00000, 0x0000000085c00000| Untracked 
|  93|0x0000000085d00000, 0x0000000085d00000, 0x0000000085e00000|  0%| F|  |TAMS 0x0000000085d00000, 0x0000000085d00000| Untracked 
|  94|0x0000000085e00000, 0x0000000085e00000, 0x0000000085f00000|  0%| F|  |TAMS 0x0000000085e00000, 0x0000000085e00000| Untracked 
|  95|0x0000000085f00000, 0x0000000085f00000, 0x0000000086000000|  0%| F|  |TAMS 0x0000000085f00000, 0x0000000085f00000| Untracked 
|  96|0x0000000086000000, 0x0000000086000000, 0x0000000086100000|  0%| F|  |TAMS 0x0000000086000000, 0x0000000086000000| Untracked 
|  97|0x0000000086100000, 0x0000000086100000, 0x0000000086200000|  0%| F|  |TAMS 0x0000000086100000, 0x0000000086100000| Untracked 
|  98|0x0000000086200000, 0x0000000086200000, 0x0000000086300000|  0%| F|  |TAMS 0x0000000086200000, 0x0000000086200000| Untracked 
|  99|0x0000000086300000, 0x0000000086300000, 0x0000000086400000|  0%| F|  |TAMS 0x0000000086300000, 0x0000000086300000| Untracked 
| 100|0x0000000086400000, 0x0000000086400000, 0x0000000086500000|  0%| F|  |TAMS 0x0000000086400000, 0x0000000086400000| Untracked 
| 101|0x0000000086500000, 0x0000000086500000, 0x0000000086600000|  0%| F|  |TAMS 0x0000000086500000, 0x0000000086500000| Untracked 
| 102|0x0000000086600000, 0x0000000086600000, 0x0000000086700000|  0%| F|  |TAMS 0x0000000086600000, 0x0000000086600000| Untracked 
| 103|0x0000000086700000, 0x0000000086700000, 0x0000000086800000|  0%| F|  |TAMS 0x0000000086700000, 0x0000000086700000| Untracked 
| 104|0x0000000086800000, 0x0000000086900000, 0x0000000086900000|100%| S|CS|TAMS 0x0000000086800000, 0x0000000086800000| Complete 
| 105|0x0000000086900000, 0x0000000086a00000, 0x0000000086a00000|100%| S|CS|TAMS 0x0000000086900000, 0x0000000086900000| Complete 
| 106|0x0000000086a00000, 0x0000000086a00000, 0x0000000086b00000|  0%| F|  |TAMS 0x0000000086a00000, 0x0000000086a00000| Untracked 
| 107|0x0000000086b00000, 0x0000000086b00000, 0x0000000086c00000|  0%| F|  |TAMS 0x0000000086b00000, 0x0000000086b00000| Untracked 
| 108|0x0000000086c00000, 0x0000000086c00000, 0x0000000086d00000|  0%| F|  |TAMS 0x0000000086c00000, 0x0000000086c00000| Untracked 
| 109|0x0000000086d00000, 0x0000000086d00000, 0x0000000086e00000|  0%| F|  |TAMS 0x0000000086d00000, 0x0000000086d00000| Untracked 
| 110|0x0000000086e00000, 0x0000000086f00000, 0x0000000086f00000|100%| S|CS|TAMS 0x0000000086e00000, 0x0000000086e00000| Complete 
| 111|0x0000000086f00000, 0x0000000087000000, 0x0000000087000000|100%| S|CS|TAMS 0x0000000086f00000, 0x0000000086f00000| Complete 
| 112|0x0000000087000000, 0x0000000087100000, 0x0000000087100000|100%| S|CS|TAMS 0x0000000087000000, 0x0000000087000000| Complete 
| 113|0x0000000087100000, 0x0000000087100000, 0x0000000087200000|  0%| F|  |TAMS 0x0000000087100000, 0x0000000087100000| Untracked 
| 114|0x0000000087200000, 0x0000000087200000, 0x0000000087300000|  0%| F|  |TAMS 0x0000000087200000, 0x0000000087200000| Untracked 
| 115|0x0000000087300000, 0x0000000087300000, 0x0000000087400000|  0%| F|  |TAMS 0x0000000087300000, 0x0000000087300000| Untracked 
| 116|0x0000000087400000, 0x0000000087400000, 0x0000000087500000|  0%| F|  |TAMS 0x0000000087400000, 0x0000000087400000| Untracked 
| 117|0x0000000087500000, 0x0000000087500000, 0x0000000087600000|  0%| F|  |TAMS 0x0000000087500000, 0x0000000087500000| Untracked 
| 118|0x0000000087600000, 0x0000000087600000, 0x0000000087700000|  0%| F|  |TAMS 0x0000000087600000, 0x0000000087600000| Untracked 
| 119|0x0000000087700000, 0x0000000087700000, 0x0000000087800000|  0%| F|  |TAMS 0x0000000087700000, 0x0000000087700000| Untracked 
| 120|0x0000000087800000, 0x0000000087800000, 0x0000000087900000|  0%| F|  |TAMS 0x0000000087800000, 0x0000000087800000| Untracked 
| 121|0x0000000087900000, 0x0000000087900000, 0x0000000087a00000|  0%| F|  |TAMS 0x0000000087900000, 0x0000000087900000| Untracked 
| 122|0x0000000087a00000, 0x0000000087a00000, 0x0000000087b00000|  0%| F|  |TAMS 0x0000000087a00000, 0x0000000087a00000| Untracked 
| 123|0x0000000087b00000, 0x0000000087b80800, 0x0000000087c00000| 50%| E|  |TAMS 0x0000000087b00000, 0x0000000087b00000| Complete 
| 124|0x0000000087c00000, 0x0000000087d00000, 0x0000000087d00000|100%| E|CS|TAMS 0x0000000087c00000, 0x0000000087c00000| Complete 
| 125|0x0000000087d00000, 0x0000000087e00000, 0x0000000087e00000|100%| E|CS|TAMS 0x0000000087d00000, 0x0000000087d00000| Complete 
| 126|0x0000000087e00000, 0x0000000087f00000, 0x0000000087f00000|100%| E|CS|TAMS 0x0000000087e00000, 0x0000000087e00000| Complete 
| 127|0x0000000087f00000, 0x0000000088000000, 0x0000000088000000|100%| E|CS|TAMS 0x0000000087f00000, 0x0000000087f00000| Complete 
| 128|0x0000000088000000, 0x0000000088100000, 0x0000000088100000|100%| E|CS|TAMS 0x0000000088000000, 0x0000000088000000| Complete 
| 129|0x0000000088100000, 0x0000000088200000, 0x0000000088200000|100%| E|CS|TAMS 0x0000000088100000, 0x0000000088100000| Complete 
| 130|0x0000000088200000, 0x0000000088300000, 0x0000000088300000|100%| E|CS|TAMS 0x0000000088200000, 0x0000000088200000| Complete 
| 131|0x0000000088300000, 0x0000000088400000, 0x0000000088400000|100%| E|CS|TAMS 0x0000000088300000, 0x0000000088300000| Complete 
| 132|0x0000000088400000, 0x0000000088500000, 0x0000000088500000|100%| E|CS|TAMS 0x0000000088400000, 0x0000000088400000| Complete 
| 133|0x0000000088500000, 0x0000000088600000, 0x0000000088600000|100%| E|CS|TAMS 0x0000000088500000, 0x0000000088500000| Complete 
| 134|0x0000000088600000, 0x0000000088700000, 0x0000000088700000|100%| E|CS|TAMS 0x0000000088600000, 0x0000000088600000| Complete 
| 135|0x0000000088700000, 0x0000000088800000, 0x0000000088800000|100%| E|CS|TAMS 0x0000000088700000, 0x0000000088700000| Complete 
| 136|0x0000000088800000, 0x0000000088900000, 0x0000000088900000|100%| E|CS|TAMS 0x0000000088800000, 0x0000000088800000| Complete 
| 137|0x0000000088900000, 0x0000000088a00000, 0x0000000088a00000|100%| E|CS|TAMS 0x0000000088900000, 0x0000000088900000| Complete 
| 138|0x0000000088a00000, 0x0000000088b00000, 0x0000000088b00000|100%| E|CS|TAMS 0x0000000088a00000, 0x0000000088a00000| Complete 
| 139|0x0000000088b00000, 0x0000000088c00000, 0x0000000088c00000|100%| E|CS|TAMS 0x0000000088b00000, 0x0000000088b00000| Complete 
| 140|0x0000000088c00000, 0x0000000088d00000, 0x0000000088d00000|100%| E|CS|TAMS 0x0000000088c00000, 0x0000000088c00000| Complete 
| 141|0x0000000088d00000, 0x0000000088e00000, 0x0000000088e00000|100%| E|CS|TAMS 0x0000000088d00000, 0x0000000088d00000| Complete 
| 142|0x0000000088e00000, 0x0000000088f00000, 0x0000000088f00000|100%| E|CS|TAMS 0x0000000088e00000, 0x0000000088e00000| Complete 
| 143|0x0000000088f00000, 0x0000000089000000, 0x0000000089000000|100%| E|CS|TAMS 0x0000000088f00000, 0x0000000088f00000| Complete 
| 144|0x0000000089000000, 0x0000000089100000, 0x0000000089100000|100%| E|CS|TAMS 0x0000000089000000, 0x0000000089000000| Complete 
| 145|0x0000000089100000, 0x0000000089200000, 0x0000000089200000|100%| E|CS|TAMS 0x0000000089100000, 0x0000000089100000| Complete 
| 146|0x0000000089200000, 0x0000000089300000, 0x0000000089300000|100%| E|CS|TAMS 0x0000000089200000, 0x0000000089200000| Complete 
| 147|0x0000000089300000, 0x0000000089400000, 0x0000000089400000|100%| E|CS|TAMS 0x0000000089300000, 0x0000000089300000| Complete 
| 148|0x0000000089400000, 0x0000000089500000, 0x0000000089500000|100%| E|CS|TAMS 0x0000000089400000, 0x0000000089400000| Complete 

Card table byte_map: [0x0000020278000000,0x0000020278400000] _byte_map_base: 0x0000020277c00000

Marking Bits (Prev, Next): (CMBitMap*) 0x0000020265150990, (CMBitMap*) 0x0000020265150958
 Prev Bits: [0x000002027a800000, 0x000002027c800000)
 Next Bits: [0x0000020278800000, 0x000002027a800000)

Polling page: 0x0000020263010000

Metaspace:

Usage:
  Non-class:     67.50 MB capacity,    66.26 MB ( 98%) used,     1.05 MB (  2%) free+waste,   194.69 KB ( <1%) overhead. 
      Class:     10.37 MB capacity,     9.66 MB ( 93%) used,   639.09 KB (  6%) free+waste,    90.44 KB ( <1%) overhead. 
       Both:     77.88 MB capacity,    75.92 MB ( 97%) used,     1.67 MB (  2%) free+waste,   285.13 KB ( <1%) overhead. 

Virtual space:
  Non-class space:       68.00 MB reserved,      67.67 MB (>99%) committed 
      Class space:        1.00 GB reserved,      10.38 MB (  1%) committed 
             Both:        1.07 GB reserved,      78.05 MB (  7%) committed 

Chunk freelists:
   Non-Class:  47.00 KB
       Class:  1.00 KB
        Both:  48.00 KB

MaxMetaspaceSize: 17179869184.00 GB
CompressedClassSpaceSize: 1.00 GB

CodeHeap 'non-profiled nmethods': size=120064Kb used=4312Kb max_used=4312Kb free=115751Kb
 bounds [0x00000202706c0000, 0x0000020270b00000, 0x0000020277c00000]
CodeHeap 'profiled nmethods': size=120000Kb used=18008Kb max_used=18008Kb free=101991Kb
 bounds [0x0000020269190000, 0x000002026a330000, 0x00000202706c0000]
CodeHeap 'non-nmethods': size=5696Kb used=2296Kb max_used=2326Kb free=3399Kb
 bounds [0x0000020268c00000, 0x0000020268e70000, 0x0000020269190000]
 total_blobs=9065 nmethods=8157 adapters=819
 compilation: enabled
              stopped_count=0, restarted_count=0
 full_count=0

Compilation events (20 events):
Event: 42.813 Thread 0x000002027ed14800 8281       2       org.codehaus.groovy.classgen.asm.OptimizingStatementWriter$OptimizeFlagsCollector::shouldOptimize (8 bytes)
Event: 42.813 Thread 0x000002027ed14800 nmethod 8281 0x000002026a322f90 code [0x000002026a323140, 0x000002026a323258]
Event: 42.813 Thread 0x000002027ed14800 8282       1       org.codehaus.groovy.ast.InnerClassNode::getOuterClass (5 bytes)
Event: 42.813 Thread 0x000002027ed14800 nmethod 8282 0x0000020270af5610 code [0x0000020270af57c0, 0x0000020270af5878]
Event: 42.813 Thread 0x000002027ed14800 8283       2       org.apache.groovy.ast.tools.ExpressionUtils::isThisExpression (23 bytes)
Event: 42.814 Thread 0x000002027ed14800 nmethod 8283 0x000002026a323310 code [0x000002026a3234c0, 0x000002026a323668]
Event: 42.814 Thread 0x000002027ed14800 8284       2       groovyjarjarasm.asm.ByteVector::put11 (52 bytes)
Event: 42.815 Thread 0x000002027ed14800 nmethod 8284 0x000002026a323790 code [0x000002026a323940, 0x000002026a323b08]
Event: 42.815 Thread 0x000002027ed14800 8285       2       org.codehaus.groovy.classgen.asm.OperandStack::push (12 bytes)
Event: 42.815 Thread 0x000002027ed14800 nmethod 8285 0x000002026a323c90 code [0x000002026a323e40, 0x000002026a323f68]
Event: 42.815 Thread 0x000002027ed14800 8286   !   2       org.codehaus.groovy.classgen.asm.OperandStack::popWithMessage (96 bytes)
Event: 42.816 Thread 0x000002027ed14800 nmethod 8286 0x000002026a324010 code [0x000002026a3242c0, 0x000002026a3249a8]
Event: 42.817 Thread 0x000002027ed14800 8287       2       org.codehaus.groovy.classgen.asm.util.TypeUtil::getDescriptionByType (107 bytes)
Event: 42.818 Thread 0x000002027ed14800 nmethod 8287 0x000002026a324e90 code [0x000002026a325160, 0x000002026a325c88]
Event: 42.818 Thread 0x000002027ed14800 8288       1       org.codehaus.groovy.classgen.asm.CompileStack::getScope (5 bytes)
Event: 42.818 Thread 0x000002027ed14800 nmethod 8288 0x0000020270af5910 code [0x0000020270af5ac0, 0x0000020270af5b78]
Event: 42.819 Thread 0x000002027ed14800 8289       1       org.codehaus.groovy.ast.MethodNode::getGenericsTypes (5 bytes)
Event: 42.819 Thread 0x000002027ed14800 nmethod 8289 0x0000020270af5c10 code [0x0000020270af5dc0, 0x0000020270af5e78]
Event: 42.871 Thread 0x000002027ed14800 8290       1       org.gradle.cache.internal.DefaultFileLockManager$DefaultFileLock::access$300 (5 bytes)
Event: 42.871 Thread 0x000002027ed14800 nmethod 8290 0x0000020270af5f10 code [0x0000020270af60c0, 0x0000020270af6158]

GC Heap History (20 events):
Event: 26.692 GC heap before
{Heap before GC invocations=45 (full 0):
 garbage-first heap   total 97280K, used 75675K [0x0000000080000000, 0x0000000100000000)
  region size 1024K, 21 young (21504K), 3 survivors (3072K)
 Metaspace       used 50896K, capacity 52269K, committed 52400K, reserved 1095680K
  class space    used 6614K, capacity 7118K, committed 7168K, reserved 1048576K
}
Event: 26.699 GC heap after
{Heap after GC invocations=46 (full 0):
 garbage-first heap   total 97280K, used 58318K [0x0000000080000000, 0x0000000100000000)
  region size 1024K, 3 young (3072K), 3 survivors (3072K)
 Metaspace       used 50896K, capacity 52269K, committed 52400K, reserved 1095680K
  class space    used 6614K, capacity 7118K, committed 7168K, reserved 1048576K
}
Event: 27.366 GC heap before
{Heap before GC invocations=46 (full 0):
 garbage-first heap   total 97280K, used 76750K [0x0000000080000000, 0x0000000100000000)
  region size 1024K, 21 young (21504K), 3 survivors (3072K)
 Metaspace       used 52932K, capacity 54424K, committed 54704K, reserved 1097728K
  class space    used 6872K, capacity 7367K, committed 7424K, reserved 1048576K
}
Event: 27.373 GC heap after
{Heap after GC invocations=47 (full 0):
 garbage-first heap   total 126976K, used 59021K [0x0000000080000000, 0x0000000100000000)
  region size 1024K, 2 young (2048K), 2 survivors (2048K)
 Metaspace       used 52932K, capacity 54424K, committed 54704K, reserved 1097728K
  class space    used 6872K, capacity 7367K, committed 7424K, reserved 1048576K
}
Event: 28.602 GC heap before
{Heap before GC invocations=48 (full 0):
 garbage-first heap   total 126976K, used 94861K [0x0000000080000000, 0x0000000100000000)
  region size 1024K, 37 young (37888K), 2 survivors (2048K)
 Metaspace       used 57482K, capacity 58954K, committed 59056K, reserved 1099776K
  class space    used 7427K, capacity 7932K, committed 7936K, reserved 1048576K
}
Event: 28.610 GC heap after
{Heap after GC invocations=49 (full 0):
 garbage-first heap   total 126976K, used 61872K [0x0000000080000000, 0x0000000100000000)
  region size 1024K, 5 young (5120K), 5 survivors (5120K)
 Metaspace       used 57482K, capacity 58954K, committed 59056K, reserved 1099776K
  class space    used 7427K, capacity 7932K, committed 7936K, reserved 1048576K
}
Event: 33.124 GC heap before
{Heap before GC invocations=49 (full 0):
 garbage-first heap   total 126976K, used 96688K [0x0000000080000000, 0x0000000100000000)
  region size 1024K, 40 young (40960K), 5 survivors (5120K)
 Metaspace       used 62984K, capacity 64666K, committed 64944K, reserved 1105920K
  class space    used 8045K, capacity 8617K, committed 8704K, reserved 1048576K
}
Event: 33.135 GC heap after
{Heap after GC invocations=50 (full 0):
 garbage-first heap   total 126976K, used 63933K [0x0000000080000000, 0x0000000100000000)
  region size 1024K, 3 young (3072K), 3 survivors (3072K)
 Metaspace       used 62984K, capacity 64666K, committed 64944K, reserved 1105920K
  class space    used 8045K, capacity 8617K, committed 8704K, reserved 1048576K
}
Event: 34.378 GC heap before
{Heap before GC invocations=51 (full 0):
 garbage-first heap   total 126976K, used 74173K [0x0000000080000000, 0x0000000100000000)
  region size 1024K, 15 young (15360K), 3 survivors (3072K)
 Metaspace       used 63268K, capacity 64899K, committed 65200K, reserved 1105920K
  class space    used 8057K, capacity 8626K, committed 8704K, reserved 1048576K
}
Event: 34.385 GC heap after
{Heap after GC invocations=52 (full 0):
 garbage-first heap   total 126976K, used 64143K [0x0000000080000000, 0x0000000100000000)
  region size 1024K, 3 young (3072K), 3 survivors (3072K)
 Metaspace       used 63268K, capacity 64899K, committed 65200K, reserved 1105920K
  class space    used 8057K, capacity 8626K, committed 8704K, reserved 1048576K
}
Event: 34.801 GC heap before
{Heap before GC invocations=53 (full 0):
 garbage-first heap   total 126976K, used 72335K [0x0000000080000000, 0x0000000100000000)
  region size 1024K, 10 young (10240K), 3 survivors (3072K)
 Metaspace       used 63273K, capacity 64943K, committed 65200K, reserved 1105920K
  class space    used 8053K, capacity 8618K, committed 8704K, reserved 1048576K
}
Event: 34.826 GC heap after
{Heap after GC invocations=54 (full 0):
 garbage-first heap   total 126976K, used 69941K [0x0000000080000000, 0x0000000100000000)
  region size 1024K, 5 young (5120K), 5 survivors (5120K)
 Metaspace       used 63273K, capacity 64943K, committed 65200K, reserved 1105920K
  class space    used 8053K, capacity 8618K, committed 8704K, reserved 1048576K
}
Event: 36.349 GC heap before
{Heap before GC invocations=55 (full 0):
 garbage-first heap   total 126976K, used 97589K [0x0000000080000000, 0x0000000100000000)
  region size 1024K, 30 young (30720K), 5 survivors (5120K)
 Metaspace       used 64220K, capacity 65943K, committed 66096K, reserved 1105920K
  class space    used 8187K, capacity 8751K, committed 8832K, reserved 1048576K
}
Event: 36.364 GC heap after
{Heap after GC invocations=56 (full 0):
 garbage-first heap   total 152576K, used 74598K [0x0000000080000000, 0x0000000100000000)
  region size 1024K, 3 young (3072K), 3 survivors (3072K)
 Metaspace       used 64220K, capacity 65943K, committed 66096K, reserved 1105920K
  class space    used 8187K, capacity 8751K, committed 8832K, reserved 1048576K
}
Event: 37.852 GC heap before
{Heap before GC invocations=56 (full 0):
 garbage-first heap   total 152576K, used 108390K [0x0000000080000000, 0x0000000100000000)
  region size 1024K, 36 young (36864K), 3 survivors (3072K)
 Metaspace       used 68849K, capacity 70706K, committed 70832K, reserved 1110016K
  class space    used 8754K, capacity 9353K, committed 9472K, reserved 1048576K
}
Event: 37.859 GC heap after
{Heap after GC invocations=57 (full 0):
 garbage-first heap   total 152576K, used 75709K [0x0000000080000000, 0x0000000100000000)
  region size 1024K, 4 young (4096K), 4 survivors (4096K)
 Metaspace       used 68849K, capacity 70706K, committed 70832K, reserved 1110016K
  class space    used 8754K, capacity 9353K, committed 9472K, reserved 1048576K
}
Event: 40.347 GC heap before
{Heap before GC invocations=58 (full 0):
 garbage-first heap   total 152576K, used 111549K [0x0000000080000000, 0x0000000100000000)
  region size 1024K, 39 young (39936K), 4 survivors (4096K)
 Metaspace       used 73641K, capacity 75548K, committed 75696K, reserved 1116160K
  class space    used 9347K, capacity 9983K, committed 9984K, reserved 1048576K
}
Event: 40.369 GC heap after
{Heap after GC invocations=59 (full 0):
 garbage-first heap   total 152576K, used 77862K [0x0000000080000000, 0x0000000100000000)
  region size 1024K, 4 young (4096K), 4 survivors (4096K)
 Metaspace       used 73641K, capacity 75548K, committed 75696K, reserved 1116160K
  class space    used 9347K, capacity 9983K, committed 9984K, reserved 1048576K
}
Event: 41.837 GC heap before
{Heap before GC invocations=59 (full 0):
 garbage-first heap   total 152576K, used 113702K [0x0000000080000000, 0x0000000100000000)
  region size 1024K, 40 young (40960K), 4 survivors (4096K)
 Metaspace       used 76632K, capacity 78528K, committed 78768K, reserved 1118208K
  class space    used 9739K, capacity 10415K, committed 10496K, reserved 1048576K
}
Event: 41.852 GC heap after
{Heap after GC invocations=60 (full 0):
 garbage-first heap   total 152576K, used 80577K [0x0000000080000000, 0x0000000100000000)
  region size 1024K, 5 young (5120K), 5 survivors (5120K)
 Metaspace       used 76632K, capacity 78528K, committed 78768K, reserved 1118208K
  class space    used 9739K, capacity 10415K, committed 10496K, reserved 1048576K
}

Deoptimization events (20 events):
Event: 42.272 Thread 0x0000020200c41000 Uncommon trap: trap_request=0xffffff4d fr.pc=0x00000202706eaf88 relative=0x00000000000001c8
Event: 42.272 Thread 0x0000020200c41000 Uncommon trap: reason=unstable_if action=reinterpret pc=0x00000202706eaf88 method=java.lang.AbstractStringBuilder.isLatin1()Z @ 10 c2
Event: 42.272 Thread 0x0000020200c41000 DEOPT PACKING pc=0x00000202706eaf88 sp=0x0000004f310f6f50
Event: 42.272 Thread 0x0000020200c41000 DEOPT UNPACKING pc=0x0000020268c278af sp=0x0000004f310f6e90 mode 2
Event: 42.272 Thread 0x0000020200c41000 Uncommon trap: trap_request=0xffffff4d fr.pc=0x000002027098c164 relative=0x0000000000000484
Event: 42.272 Thread 0x0000020200c41000 Uncommon trap: reason=unstable_if action=reinterpret pc=0x000002027098c164 method=java.lang.AbstractStringBuilder.putStringAt(ILjava/lang/String;)V @ 8 c2
Event: 42.272 Thread 0x0000020200c41000 DEOPT PACKING pc=0x000002027098c164 sp=0x0000004f310f7030
Event: 42.272 Thread 0x0000020200c41000 DEOPT UNPACKING pc=0x0000020268c278af sp=0x0000004f310f6f90 mode 2
Event: 42.272 Thread 0x0000020200c41000 Uncommon trap: trap_request=0xffffff4d fr.pc=0x00000202706f20ec relative=0x00000000000000cc
Event: 42.272 Thread 0x0000020200c41000 Uncommon trap: reason=unstable_if action=reinterpret pc=0x00000202706f20ec method=java.lang.String.getBytes([BIB)V @ 5 c2
Event: 42.272 Thread 0x0000020200c41000 DEOPT PACKING pc=0x00000202706f20ec sp=0x0000004f310f6f40
Event: 42.272 Thread 0x0000020200c41000 DEOPT UNPACKING pc=0x0000020268c278af sp=0x0000004f310f6f08 mode 2
Event: 42.632 Thread 0x0000020200c41000 Uncommon trap: trap_request=0xffffff4d fr.pc=0x0000020270864180 relative=0x0000000000000340
Event: 42.632 Thread 0x0000020200c41000 Uncommon trap: reason=unstable_if action=reinterpret pc=0x0000020270864180 method=java.util.StringJoiner.add(Ljava/lang/CharSequence;)Ljava/util/StringJoiner; @ 33 c2
Event: 42.632 Thread 0x0000020200c41000 DEOPT PACKING pc=0x0000020270864180 sp=0x0000004f310f6210
Event: 42.632 Thread 0x0000020200c41000 DEOPT UNPACKING pc=0x0000020268c278af sp=0x0000004f310f61c0 mode 2
Event: 42.719 Thread 0x0000020200c41000 DEOPT PACKING pc=0x0000020269b70387 sp=0x0000004f310f84a0
Event: 42.719 Thread 0x0000020200c41000 DEOPT UNPACKING pc=0x0000020268c276ce sp=0x0000004f310f79b0 mode 0
Event: 42.749 Thread 0x0000020200c41000 DEOPT PACKING pc=0x0000020269c03ef1 sp=0x0000004f310f83f0
Event: 42.749 Thread 0x0000020200c41000 DEOPT UNPACKING pc=0x0000020268c276ce sp=0x0000004f310f78e8 mode 0

Classes redefined (0 events):
No events

Internal exceptions (20 events):
Event: 42.514 Thread 0x0000020200c41000 Exception <a 'java/lang/ClassNotFoundException'{0x00000000887e69b8}: org/gradle/api/internal/plugins/DefaultPluginContainerBeanInfo> (0x00000000887e69b8) thrown at [./src/hotspot/share/classfile/systemDictionary.cpp, line 231]
Event: 42.516 Thread 0x0000020200c41000 Exception <a 'java/lang/ClassNotFoundException'{0x0000000088617520}: org/gradle/api/internal/plugins/DefaultPluginCollectionBeanInfo> (0x0000000088617520) thrown at [./src/hotspot/share/classfile/systemDictionary.cpp, line 231]
Event: 42.517 Thread 0x0000020200c41000 Exception <a 'java/lang/ClassNotFoundException'{0x00000000886451d8}: org/gradle/api/internal/DefaultDomainObjectSetBeanInfo> (0x00000000886451d8) thrown at [./src/hotspot/share/classfile/systemDictionary.cpp, line 231]
Event: 42.520 Thread 0x0000020200c41000 Exception <a 'java/lang/ClassNotFoundException'{0x0000000088672fe0}: org/gradle/api/internal/DefaultDomainObjectSetCustomizer> (0x0000000088672fe0) thrown at [./src/hotspot/share/classfile/systemDictionary.cpp, line 231]
Event: 42.526 Thread 0x0000020200c41000 Exception <a 'java/lang/ClassNotFoundException'{0x00000000886b0ff8}: org/gradle/api/internal/plugins/DefaultPluginCollectionCustomizer> (0x00000000886b0ff8) thrown at [./src/hotspot/share/classfile/systemDictionary.cpp, line 231]
Event: 42.529 Thread 0x0000020200c41000 Exception <a 'java/lang/ClassNotFoundException'{0x0000000088507640}: org/gradle/api/internal/plugins/DefaultPluginContainerCustomizer> (0x0000000088507640) thrown at [./src/hotspot/share/classfile/systemDictionary.cpp, line 231]
Event: 42.606 Thread 0x0000020200c41000 Exception <a 'java/lang/ClassNotFoundException'{0x00000000882493f8}: com/android/build/gradle/internal/dsl/BaseAppModuleExtension_DecoratedBeanInfo> (0x00000000882493f8) thrown at [./src/hotspot/share/classfile/systemDictionary.cpp, line 231]
Event: 42.607 Thread 0x0000020200c41000 Exception <a 'java/lang/ClassNotFoundException'{0x0000000088261a60}: com/android/build/gradle/internal/dsl/BaseAppModuleExtensionBeanInfo> (0x0000000088261a60) thrown at [./src/hotspot/share/classfile/systemDictionary.cpp, line 231]
Event: 42.608 Thread 0x0000020200c41000 Exception <a 'java/lang/ClassNotFoundException'{0x0000000088276910}: com/android/build/gradle/AppExtensionBeanInfo> (0x0000000088276910) thrown at [./src/hotspot/share/classfile/systemDictionary.cpp, line 231]
Event: 42.609 Thread 0x0000020200c41000 Exception <a 'java/lang/ClassNotFoundException'{0x000000008828cc98}: com/android/build/gradle/AbstractAppExtensionBeanInfo> (0x000000008828cc98) thrown at [./src/hotspot/share/classfile/systemDictionary.cpp, line 231]
Event: 42.611 Thread 0x0000020200c41000 Exception <a 'java/lang/ClassNotFoundException'{0x00000000882a1d88}: com/android/build/gradle/TestedExtensionBeanInfo> (0x00000000882a1d88) thrown at [./src/hotspot/share/classfile/systemDictionary.cpp, line 231]
Event: 42.613 Thread 0x0000020200c41000 Exception <a 'java/lang/ClassNotFoundException'{0x00000000882b75c0}: com/android/build/gradle/BaseExtensionBeanInfo> (0x00000000882b75c0) thrown at [./src/hotspot/share/classfile/systemDictionary.cpp, line 231]
Event: 42.614 Thread 0x0000020200c41000 Exception <a 'java/lang/ClassNotFoundException'{0x00000000882cc920}: com/android/build/gradle/BaseExtensionCustomizer> (0x00000000882cc920) thrown at [./src/hotspot/share/classfile/systemDictionary.cpp, line 231]
Event: 42.635 Thread 0x0000020200c41000 Exception <a 'java/lang/ClassNotFoundException'{0x000000008813a5a0}: com/android/build/gradle/TestedExtensionCustomizer> (0x000000008813a5a0) thrown at [./src/hotspot/share/classfile/systemDictionary.cpp, line 231]
Event: 42.637 Thread 0x0000020200c41000 Exception <a 'java/lang/ClassNotFoundException'{0x000000008816a6e0}: com/android/build/gradle/AbstractAppExtensionCustomizer> (0x000000008816a6e0) thrown at [./src/hotspot/share/classfile/systemDictionary.cpp, line 231]
Event: 42.641 Thread 0x0000020200c41000 Exception <a 'java/lang/ClassNotFoundException'{0x0000000088195be0}: com/android/build/gradle/AppExtensionCustomizer> (0x0000000088195be0) thrown at [./src/hotspot/share/classfile/systemDictionary.cpp, line 231]
Event: 42.644 Thread 0x0000020200c41000 Exception <a 'java/lang/ClassNotFoundException'{0x00000000881c2e20}: com/android/build/gradle/internal/dsl/BaseAppModuleExtensionCustomizer> (0x00000000881c2e20) thrown at [./src/hotspot/share/classfile/systemDictionary.cpp, line 231]
Event: 42.666 Thread 0x0000020200c41000 Exception <a 'java/lang/ClassNotFoundException'{0x000000008808fbe0}: com/android/build/gradle/internal/dsl/BaseAppModuleExtension_DecoratedCustomizer> (0x000000008808fbe0) thrown at [./src/hotspot/share/classfile/systemDictionary.cpp, line 231]
Event: 42.685 Thread 0x0000020200c41000 Exception <a 'java/lang/ClassNotFoundException'{0x0000000087eebe50}: org/gradle/api/internal/DefaultDomainObjectSet_DecoratedBeanInfo> (0x0000000087eebe50) thrown at [./src/hotspot/share/classfile/systemDictionary.cpp, line 231]
Event: 42.686 Thread 0x0000020200c41000 Exception <a 'java/lang/ClassNotFoundException'{0x0000000087d1db10}: org/gradle/api/internal/DefaultDomainObjectSet_DecoratedCustomizer> (0x0000000087d1db10) thrown at [./src/hotspot/share/classfile/systemDictionary.cpp, line 231]

Events (20 events):
Event: 42.683 loading class org/gradle/api/internal/DefaultDomainObjectSet_DecoratedBeanInfo
Event: 42.683 loading class org/gradle/api/internal/DefaultDomainObjectSet_DecoratedBeanInfo done
Event: 42.684 loading class org/gradle/api/internal/DefaultDomainObjectSet_DecoratedBeanInfo
Event: 42.684 loading class org/gradle/api/internal/DefaultDomainObjectSet_DecoratedBeanInfo done
Event: 42.684 loading class org/gradle/api/internal/DefaultDomainObjectSet_DecoratedBeanInfo
Event: 42.684 loading class org/gradle/api/internal/DefaultDomainObjectSet_DecoratedBeanInfo done
Event: 42.685 loading class org/gradle/api/internal/DefaultDomainObjectSet_DecoratedBeanInfo
Event: 42.685 loading class org/gradle/api/internal/DefaultDomainObjectSet_DecoratedBeanInfo done
Event: 42.685 loading class org/gradle/api/internal/DefaultDomainObjectSet_DecoratedCustomizer
Event: 42.685 loading class org/gradle/api/internal/DefaultDomainObjectSet_DecoratedCustomizer done
Event: 42.685 loading class org/gradle/api/internal/DefaultDomainObjectSet_DecoratedCustomizer
Event: 42.685 loading class org/gradle/api/internal/DefaultDomainObjectSet_DecoratedCustomizer done
Event: 42.686 loading class org/gradle/api/internal/DefaultDomainObjectSet_DecoratedCustomizer
Event: 42.686 loading class org/gradle/api/internal/DefaultDomainObjectSet_DecoratedCustomizer done
Event: 42.686 loading class org/gradle/api/internal/DefaultDomainObjectSet_DecoratedCustomizer
Event: 42.686 loading class org/gradle/api/internal/DefaultDomainObjectSet_DecoratedCustomizer done
Event: 42.734 loading class org/gradle/api/JavaVersion$VERSION_1_8
Event: 42.734 loading class org/gradle/api/JavaVersion$VERSION_1_8 done
Event: 42.734 loading class org/gradle/api/JavaVersion$VERSION_1_8
Event: 42.734 loading class org/gradle/api/JavaVersion$VERSION_1_8 done


Dynamic libraries:
0x00007ff67d490000 - 0x00007ff67d49a000 	D:\android_studio\jre\bin\java.exe
0x00007ffb2a1f0000 - 0x00007ffb2a3e5000 	C:\WINDOWS\SYSTEM32\ntdll.dll
0x00007ffb292f0000 - 0x00007ffb293ae000 	C:\WINDOWS\System32\KERNEL32.DLL
0x00007ffb27f10000 - 0x00007ffb281d9000 	C:\WINDOWS\System32\KERNELBASE.dll
0x00007ffb27a20000 - 0x00007ffb27b20000 	C:\WINDOWS\System32\ucrtbase.dll
0x00007ffb138f0000 - 0x00007ffb13909000 	D:\android_studio\jre\bin\jli.dll
0x00007ffb1ee80000 - 0x00007ffb1ee97000 	D:\android_studio\jre\bin\VCRUNTIME140.dll
0x00007ffb298c0000 - 0x00007ffb29a61000 	C:\WINDOWS\System32\USER32.dll
0x00007ffb281e0000 - 0x00007ffb28202000 	C:\WINDOWS\System32\win32u.dll
0x00007ffb293b0000 - 0x00007ffb293db000 	C:\WINDOWS\System32\GDI32.dll
0x00007ffb12590000 - 0x00007ffb1282a000 	C:\WINDOWS\WinSxS\amd64_microsoft.windows.common-controls_6595b64144ccf1df_6.0.19041.1110_none_60b5254171f9507e\COMCTL32.dll
0x00007ffb27910000 - 0x00007ffb27a1b000 	C:\WINDOWS\System32\gdi32full.dll
0x00007ffb27b80000 - 0x00007ffb27c1d000 	C:\WINDOWS\System32\msvcp_win.dll
0x00007ffb286b0000 - 0x00007ffb2874e000 	C:\WINDOWS\System32\msvcrt.dll
0x00007ffb29210000 - 0x00007ffb29240000 	C:\WINDOWS\System32\IMM32.DLL
0x00007ffae8ea0000 - 0x00007ffae8f3d000 	D:\android_studio\jre\bin\msvcp140.dll
0x00007ffad9e70000 - 0x00007ffada93f000 	D:\android_studio\jre\bin\server\jvm.dll
0x00007ffb29240000 - 0x00007ffb292ec000 	C:\WINDOWS\System32\ADVAPI32.dll
0x00007ffb28b00000 - 0x00007ffb28b9b000 	C:\WINDOWS\System32\sechost.dll
0x00007ffb28240000 - 0x00007ffb2836a000 	C:\WINDOWS\System32\RPCRT4.dll
0x00007ffb288d0000 - 0x00007ffb288d8000 	C:\WINDOWS\System32\PSAPI.DLL
0x00007ffb1fdb0000 - 0x00007ffb1fdba000 	C:\WINDOWS\SYSTEM32\VERSION.dll
0x00007ffb0fee0000 - 0x00007ffb0fee9000 	C:\WINDOWS\SYSTEM32\WSOCK32.dll
0x00007ffb124f0000 - 0x00007ffb12517000 	C:\WINDOWS\SYSTEM32\WINMM.dll
0x00007ffb28ba0000 - 0x00007ffb28c0b000 	C:\WINDOWS\System32\WS2_32.dll
0x00007ffb26150000 - 0x00007ffb26162000 	C:\WINDOWS\SYSTEM32\kernel.appcore.dll
0x00007ffb210c0000 - 0x00007ffb210d1000 	D:\android_studio\jre\bin\verify.dll
0x00007ffb25680000 - 0x00007ffb25864000 	C:\WINDOWS\SYSTEM32\DBGHELP.DLL
0x00007ffb0af60000 - 0x00007ffb0af8c000 	C:\WINDOWS\SYSTEM32\dbgcore.DLL
0x00007ffb27c20000 - 0x00007ffb27ca3000 	C:\WINDOWS\System32\bcryptPrimitives.dll
0x00007ffb209c0000 - 0x00007ffb209e9000 	D:\android_studio\jre\bin\java.dll
0x00007ffb223c0000 - 0x00007ffb223cb000 	D:\android_studio\jre\bin\jimage.dll
0x00007ffb21090000 - 0x00007ffb210a8000 	D:\android_studio\jre\bin\zip.dll
0x00007ffb29a70000 - 0x00007ffb2a1af000 	C:\WINDOWS\System32\SHELL32.dll
0x00007ffb25890000 - 0x00007ffb26020000 	C:\WINDOWS\SYSTEM32\windows.storage.dll
0x00007ffb29560000 - 0x00007ffb298b5000 	C:\WINDOWS\System32\combase.dll
0x00007ffb27280000 - 0x00007ffb272ac000 	C:\WINDOWS\SYSTEM32\Wldp.dll
0x00007ffb28820000 - 0x00007ffb288cd000 	C:\WINDOWS\System32\SHCORE.dll
0x00007ffb291b0000 - 0x00007ffb29205000 	C:\WINDOWS\System32\shlwapi.dll
0x00007ffb27850000 - 0x00007ffb2786f000 	C:\WINDOWS\SYSTEM32\profapi.dll
0x00007ffb1f820000 - 0x00007ffb1f83a000 	D:\android_studio\jre\bin\net.dll
0x00007ffb13d70000 - 0x00007ffb13e78000 	C:\WINDOWS\SYSTEM32\WINHTTP.dll
0x00007ffb27060000 - 0x00007ffb270ca000 	C:\WINDOWS\system32\mswsock.dll
0x00007ffb1f800000 - 0x00007ffb1f814000 	D:\android_studio\jre\bin\nio.dll
0x00007ffaf46b0000 - 0x00007ffaf46d7000 	C:\Users\77 thaiha\.gradle\native\8bec1ad78214c89d9ad589b4d07fe93259594b29d510b10fafb7a158f7737e5d\windows-amd64\native-platform.dll
0x00007ffae8b40000 - 0x00007ffae8c7d000 	C:\Users\77 thaiha\.gradle\native\53dbd7edfb1c66fb8903c78663c9afc45aea4f116125fa6feffd364cf09443e8\windows-amd64\native-platform-file-events.dll
0x00007ffb209a0000 - 0x00007ffb209aa000 	D:\android_studio\jre\bin\management.dll
0x00007ffb1f7f0000 - 0x00007ffb1f7fc000 	D:\android_studio\jre\bin\management_ext.dll
0x00007ffb272c0000 - 0x00007ffb272d8000 	C:\WINDOWS\SYSTEM32\CRYPTSP.dll
0x00007ffb26990000 - 0x00007ffb269c4000 	C:\WINDOWS\system32\rsaenh.dll
0x00007ffb28210000 - 0x00007ffb28237000 	C:\WINDOWS\System32\bcrypt.dll
0x00007ffb27810000 - 0x00007ffb2783e000 	C:\WINDOWS\SYSTEM32\USERENV.dll
0x00007ffb271f0000 - 0x00007ffb271fc000 	C:\WINDOWS\SYSTEM32\CRYPTBASE.dll
0x00007ffb26d20000 - 0x00007ffb26d5b000 	C:\WINDOWS\SYSTEM32\IPHLPAPI.DLL
0x00007ffb28900000 - 0x00007ffb28908000 	C:\WINDOWS\System32\NSI.dll
0x00007ffb1b830000 - 0x00007ffb1b847000 	C:\WINDOWS\SYSTEM32\dhcpcsvc6.DLL
0x00007ffb1bc00000 - 0x00007ffb1bc1d000 	C:\WINDOWS\SYSTEM32\dhcpcsvc.DLL
0x00007ffb26d60000 - 0x00007ffb26e2c000 	C:\WINDOWS\SYSTEM32\DNSAPI.dll
0x00007ffb1d060000 - 0x00007ffb1d087000 	D:\android_studio\jre\bin\sunec.dll
0x00007ffb124e0000 - 0x00007ffb124ea000 	C:\Windows\System32\rasadhlp.dll
0x00007ffb13bf0000 - 0x00007ffb13c6f000 	C:\WINDOWS\System32\fwpuclnt.dll

dbghelp: loaded successfully - version: 4.0.5 - missing functions: none
symbol engine: initialized successfully - sym options: 0x614 - pdb path: .;D:\android_studio\jre\bin;C:\WINDOWS\SYSTEM32;C:\WINDOWS\WinSxS\amd64_microsoft.windows.common-controls_6595b64144ccf1df_6.0.19041.1110_none_60b5254171f9507e;D:\android_studio\jre\bin\server;C:\Users\77 thaiha\.gradle\native\8bec1ad78214c89d9ad589b4d07fe93259594b29d510b10fafb7a158f7737e5d\windows-amd64;C:\Users\77 thaiha\.gradle\native\53dbd7edfb1c66fb8903c78663c9afc45aea4f116125fa6feffd364cf09443e8\windows-amd64

VM Arguments:
jvm_args: --add-opens=java.base/java.util=ALL-UNNAMED --add-opens=java.base/java.lang=ALL-UNNAMED --add-opens=java.base/java.lang.invoke=ALL-UNNAMED --add-opens=java.base/java.util=ALL-UNNAMED --add-opens=java.prefs/java.util.prefs=ALL-UNNAMED --add-opens=java.prefs/java.util.prefs=ALL-UNNAMED --add-opens=java.base/java.nio.charset=ALL-UNNAMED --add-opens=java.base/java.net=ALL-UNNAMED --add-opens=java.base/java.util.concurrent.atomic=ALL-UNNAMED -Xmx2048m -Dfile.encoding=UTF-8 -Duser.country=US -Duser.language=en -Duser.variant 
java_command: org.gradle.launcher.daemon.bootstrap.GradleDaemon 7.0.2
java_class_path (initial): C:\Users\77 thaiha\.gradle\wrapper\dists\gradle-7.0.2-bin\857tjihv64xamwrf0h14cai3r\gradle-7.0.2\lib\gradle-launcher-7.0.2.jar
Launcher Type: SUN_STANDARD

[Global flags]
     intx CICompilerCount                          = 3                                         {product} {ergonomic}
     uint ConcGCThreads                            = 1                                         {product} {ergonomic}
     uint G1ConcRefinementThreads                  = 4                                         {product} {ergonomic}
   size_t G1HeapRegionSize                         = 1048576                                   {product} {ergonomic}
    uintx GCDrainStackTargetSize                   = 64                                        {product} {ergonomic}
   size_t InitialHeapSize                          = 67108864                                  {product} {ergonomic}
   size_t MarkStackSize                            = 4194304                                   {product} {ergonomic}
   size_t MaxHeapSize                              = 2147483648                                {product} {command line}
   size_t MaxNewSize                               = 1287651328                                {product} {ergonomic}
   size_t MinHeapDeltaBytes                        = 1048576                                   {product} {ergonomic}
    uintx NonNMethodCodeHeapSize                   = 5830732                                {pd product} {ergonomic}
    uintx NonProfiledCodeHeapSize                  = 122913754                              {pd product} {ergonomic}
    uintx ProfiledCodeHeapSize                     = 122913754                              {pd product} {ergonomic}
    uintx ReservedCodeCacheSize                    = 251658240                              {pd product} {ergonomic}
     bool SegmentedCodeCache                       = true                                      {product} {ergonomic}
     bool UseCompressedClassPointers               = true                                 {lp64_product} {ergonomic}
     bool UseCompressedOops                        = true                                 {lp64_product} {ergonomic}
     bool UseG1GC                                  = true                                      {product} {ergonomic}
     bool UseLargePagesIndividualAllocation        = false                                  {pd product} {ergonomic}

Logging:
Log output configuration:
 #0: stdout all=warning uptime,level,tags
 #1: stderr all=off uptime,level,tags

Environment Variables:
PATH=C:\Python39\;C:\Python39\Scripts\;D:\VMware\bin\;D:\mingw32\bin;C:\Program Files\Common Files\Oracle\Java\javapath;C:\WINDOWS\system32;C:\WINDOWS;C:\WINDOWS\System32\Wbem;C:\WINDOWS\System32\WindowsPowerShell\v1.0\;C:\WINDOWS\System32\OpenSSH\;D:\JDK\jdk-15.0.1\bin;C:\Program Files\Microsoft SQL Server\Client SDK\ODBC\130\Tools\Binn\;C:\ProgramData\chocolatey\bin;D:\XAMPP\mysql\bin;D:\MySQL\MySQL Shell 8.0\bin\;C:\Users\77 thaiha\AppData\Local\Programs\Python\Python37-32\Scripts\;C:\Users\77 thaiha\AppData\Local\Programs\Python\Python37-32\;C:\Windows\system32;C:\Windows;C:\Windows\System32\Wbem;C:\Windows\System32\WindowsPowerShell\v1.0\;C:\Windows\System32\OpenSSH\;C:\Program Files\Microsoft SQL Server\Client SDK\ODBC\170\Tools\Binn\;C:\Program Files (x86)\Microsoft SQL Server\150\Tools\Binn\;C:\Program Files\Microsoft SQL Server\150\Tools\Binn\;C:\Program Files\Microsoft SQL Server\150\DTS\Binn;D:\Stock;C:\Users\77 thaiha\AppData\Local\Programs\Python\Python37-32\Scripts;D:\SQLite\sqlite-tools-win32-x86-3350500;D:\Node\;D:\shortcuts;D:\sublime_text;D:\xampp\php;C:\Users\77 thaiha\AppData\Local\Android\Sdk\emulator;D:\Stock\Amibroker6.20.1\.NET for AmiBroker\Assemblies;C:\Program Files\dotnet\;C:\Program Files\Git\cmd;D:\Microsoft Visual Studio\2019\Community\Common7\IDE;C:\Program Files\Microsoft SQL Server\150\DTS\Binn\;C:\Program Files (x86)\Microsoft SQL Server\150\DTS\Binn\;C:\Python39\;C:\Python39\Scripts\;D:\VMware\bin\;D:\mingw32\bin;C:\Program Files\Common Files\Oracle\Java\javapath;C:\WINDOWS\system32;C:\WINDOWS;C:\WINDOWS\System32\Wbem;C:\WINDOWS\System32\WindowsPowerShell\v1.0\;C:\WINDOWS\System32\OpenSSH\;D:\JDK\jdk-15.0.1\bin;C:\Program Files\Microsoft SQL Server\Client SDK\ODBC\130\Tools\Binn\;D:\Node\;C:\ProgramData\chocolatey\bin;D:\XAMPP\mysql\bin;C:\Windows\system32;C:\Windows;C:\Windows\System32\Wbem;C:\Windows\System32\WindowsPowerShell\v1.0\;C:\Windows\System32\OpenSSH\;C:\Program Files\Microsoft SQL Server\Client SDK\ODBC\170\Tools\Binn\;C
USERNAME=77 thaiha
OS=Windows_NT
PROCESSOR_IDENTIFIER=Intel64 Family 6 Model 142 Stepping 9, GenuineIntel



---------------  S Y S T E M  ---------------

OS: Windows 10 , 64 bit Build 19041 (10.0.19041.1202)
OS uptime: 1 days 2:43 hours
Hyper-V role detected

CPU:total 4 (initial active 4) (2 cores per cpu, 2 threads per core) family 6 model 142 stepping 9 microcode 0xb4, cmov, cx8, fxsr, mmx, sse, sse2, sse3, ssse3, sse4.1, sse4.2, popcnt, avx, avx2, aes, clmul, erms, 3dnowpref, lzcnt, ht, tsc, tscinvbit, bmi1, bmi2, adx, fma

Memory: 4k page, system-wide physical 3994M (60M free)
TotalPageFile size 14438M (AvailPageFile size 2M)
current process WorkingSet (physical memory assigned to process): 293M, peak: 294M
current process commit charge ("private bytes"): 388M, peak: 390M

vm_info: OpenJDK 64-Bit Server VM (11.0.10+0-b96-7249189) for windows-amd64 JRE (11.0.10+0-b96-7249189), built on Mar 31 2021 21:44:00 by "builder" with MS VC++ 14.0 (VS2015)

END.
